# JRE version: Java(TM) SE Runtime Environment (10.0.1+10) (build 10.0.1+10)
# Java VM: Java HotSpot(TM) 64-Bit Server VM (10.0.1+10, mixed mode, tiered, compressed oops, g1 gc, windows-amd64)
Heap:
 garbage-first heap   total 131072K, used 93871K [0x0000000081e00000, 0x0000000100000000)
  region size 1024K, 60 young (61440K), 7 survivors (7168K)
 Metaspace       used 29236K, capacity 30349K, committed 30512K, reserved 1075200K
  class space    used 3563K, capacity 4048K, committed 4144K, reserved 1048576K
GC Heap History (8 events):
Event: 2.047 GC heap before
{Heap before GC invocations=0 (full 0):
 garbage-first heap   total 131072K, used 26624K [0x0000000081e00000, 0x0000000100000000)
  region size 1024K, 24 young (24576K), 0 survivors (0K)
 Metaspace       used 20247K, capacity 20875K, committed 20992K, reserved 1067008K
  class space    used 2746K, capacity 3069K, committed 3072K, reserved 1048576K
}
Event: 2.058 GC heap after
{Heap after GC invocations=1 (full 0):
 garbage-first heap   total 131072K, used 8410K [0x0000000081e00000, 0x0000000100000000)
  region size 1024K, 3 young (3072K), 3 survivors (3072K)
 Metaspace       used 20247K, capacity 20875K, committed 20992K, reserved 1067008K
  class space    used 2746K, capacity 3069K, committed 3072K, reserved 1048576K
}
Event: 2.078 GC heap before
{Heap before GC invocations=1 (full 0):
 garbage-first heap   total 131072K, used 9434K [0x0000000081e00000, 0x0000000100000000)
  region size 1024K, 5 young (5120K), 3 survivors (3072K)
 Metaspace       used 20453K, capacity 21132K, committed 21296K, reserved 1067008K
  class space    used 2794K, capacity 3110K, committed 3120K, reserved 1048576K
}
Event: 2.083 GC heap after
{Heap after GC invocations=2 (full 0):
 garbage-first heap   total 131072K, used 8488K [0x0000000081e00000, 0x0000000100000000)
  region size 1024K, 4 young (4096K), 4 survivors (4096K)
 Metaspace       used 20453K, capacity 21132K, committed 21296K, reserved 1067008K
  class space    used 2794K, capacity 3110K, committed 3120K, reserved 1048576K
}
Event: 3.462 GC heap before
{Heap before GC invocations=3 (full 0):
 garbage-first heap   total 131072K, used 16680K [0x0000000081e00000, 0x0000000100000000)
  region size 1024K, 12 young (12288K), 4 survivors (4096K)
 Metaspace       used 22179K, capacity 22998K, committed 23216K, reserved 1069056K
  class space    used 3051K, capacity 3441K, committed 3504K, reserved 1048576K
}
Event: 3.468 GC heap after
{Heap after GC invocations=4 (full 0):
 garbage-first heap   total 131072K, used 9979K [0x0000000081e00000, 0x0000000100000000)
  region size 1024K, 2 young (2048K), 2 survivors (2048K)
 Metaspace       used 22179K, capacity 22998K, committed 23216K, reserved 1069056K
  class space    used 3051K, capacity 3441K, committed 3504K, reserved 1048576K
}
Event: 26.786 GC heap before
{Heap before GC invocations=4 (full 0):
 garbage-first heap   total 131072K, used 99067K [0x0000000081e00000, 0x0000000100000000)
  region size 1024K, 55 young (56320K), 2 survivors (2048K)
 Metaspace       used 27753K, capacity 28810K, committed 29104K, reserved 1075200K
  class space    used 3481K, capacity 3953K, committed 4016K, reserved 1048576K
}
Event: 26.792 GC heap after
{Heap after GC invocations=5 (full 0):
 garbage-first heap   total 131072K, used 26287K [0x0000000081e00000, 0x0000000100000000)
  region size 1024K, 7 young (7168K), 7 survivors (7168K)
 Metaspace       used 27753K, capacity 28810K, committed 29104K, reserved 1075200K
  class space    used 3481K, capacity 3953K, committed 4016K, reserved 1048576K
}

